Flow report for zGPU
Thu Feb 05 16:35:29 2015
Quartus II 64-Bit Version 11.1 Build 259 01/25/2012 Service Pack 2 SJ Full Version


---------------------
; Table of Contents ;
---------------------
  1. Legal Notice
  2. Flow Summary
  3. Flow Settings
  4. Flow Non-Default Global Settings
  5. Flow Elapsed Time
  6. Flow OS Summary
  7. Flow Log



----------------
; Legal Notice ;
----------------
Copyright (C) 1991-2011 Altera Corporation
Your use of Altera Corporation's design tools, logic functions 
and other software and tools, and its AMPP partner logic 
functions, and any output files from any of the foregoing 
(including device programming or simulation files), and any 
associated documentation or information are expressly subject 
to the terms and conditions of the Altera Program License 
Subscription Agreement, Altera MegaCore Function License 
Agreement, or other applicable license agreement, including, 
without limitation, that your use is for the sole purpose of 
programming logic devices manufactured by Altera and sold by 
Altera or its authorized distributors.  Please refer to the 
applicable agreement for further details.



+-------------------------------------------------------------------------------------+
; Flow Summary                                                                        ;
+------------------------------------+------------------------------------------------+
; Flow Status                        ; Successful - Thu Feb 05 16:35:29 2015          ;
; Quartus II 64-Bit Version          ; 11.1 Build 259 01/25/2012 SP 2 SJ Full Version ;
; Revision Name                      ; zGPU                                           ;
; Top-level Entity Name              ; ALU                                            ;
; Family                             ; Cyclone IV E                                   ;
; Device                             ; EP4CE115F29C7                                  ;
; Timing Models                      ; Final                                          ;
; Total logic elements               ; 177 / 114,480 ( < 1 % )                        ;
;     Total combinational functions  ; 176 / 114,480 ( < 1 % )                        ;
;     Dedicated logic registers      ; 19 / 114,480 ( < 1 % )                         ;
; Total registers                    ; 19                                             ;
; Total pins                         ; 51 / 529 ( 10 % )                              ;
; Total virtual pins                 ; 0                                              ;
; Total memory bits                  ; 0 / 3,981,312 ( 0 % )                          ;
; Embedded Multiplier 9-bit elements ; 0 / 532 ( 0 % )                                ;
; Total PLLs                         ; 0 / 4 ( 0 % )                                  ;
+------------------------------------+------------------------------------------------+


+-----------------------------------------+
; Flow Settings                           ;
+-------------------+---------------------+
; Option            ; Setting             ;
+-------------------+---------------------+
; Start date & time ; 02/05/2015 16:35:05 ;
; Main task         ; Compilation         ;
; Revision Name     ; zGPU                ;
+-------------------+---------------------+


+--------------------------------------------------------------------------------------------------------------------+
; Flow Non-Default Global Settings                                                                                   ;
+-------------------------------------+-------------------------------+---------------+-------------+----------------+
; Assignment Name                     ; Value                         ; Default Value ; Entity Name ; Section Id     ;
+-------------------------------------+-------------------------------+---------------+-------------+----------------+
; COMPILER_SIGNATURE_ID               ; 1098170201011.142317210405496 ; --            ; --          ; --             ;
; EDA_OUTPUT_DATA_FORMAT              ; Vhdl                          ; --            ; --          ; eda_simulation ;
; EDA_RUN_TOOL_AUTOMATICALLY          ; On                            ; --            ; --          ; eda_simulation ;
; EDA_SIMULATION_TOOL                 ; ModelSim-Altera (VHDL)        ; <None>        ; --          ; --             ;
; IP_TOOL_NAME                        ; LPM_ADD_SUB                   ; --            ; --          ; --             ;
; IP_TOOL_NAME                        ; LPM_MUX                       ; --            ; --          ; --             ;
; IP_TOOL_NAME                        ; LPM_CLSHIFT                   ; --            ; --          ; --             ;
; IP_TOOL_NAME                        ; LPM_CLSHIFT                   ; --            ; --          ; --             ;
; IP_TOOL_NAME                        ; LPM_CLSHIFT                   ; --            ; --          ; --             ;
; IP_TOOL_NAME                        ; LPM_MUX                       ; --            ; --          ; --             ;
; IP_TOOL_NAME                        ; LPM_MUX                       ; --            ; --          ; --             ;
; IP_TOOL_NAME                        ; LPM_MUX                       ; --            ; --          ; --             ;
; IP_TOOL_NAME                        ; RAM: 2-PORT                   ; --            ; --          ; --             ;
; IP_TOOL_NAME                        ; LPM_MUX                       ; --            ; --          ; --             ;
; IP_TOOL_NAME                        ; LPM_ADD_SUB                   ; --            ; --          ; --             ;
; IP_TOOL_NAME                        ; RAM: 2-PORT                   ; --            ; --          ; --             ;
; IP_TOOL_NAME                        ; LPM_ADD_SUB                   ; --            ; --          ; --             ;
; IP_TOOL_NAME                        ; RAM: 2-PORT                   ; --            ; --          ; --             ;
; IP_TOOL_NAME                        ; LPM_ADD_SUB                   ; --            ; --          ; --             ;
; IP_TOOL_NAME                        ; LPM_DECODE                    ; --            ; --          ; --             ;
; IP_TOOL_NAME                        ; LPM_MUX                       ; --            ; --          ; --             ;
; IP_TOOL_NAME                        ; LPM_ADD_SUB                   ; --            ; --          ; --             ;
; IP_TOOL_NAME                        ; LPM_MUX                       ; --            ; --          ; --             ;
; IP_TOOL_NAME                        ; LPM_MUX                       ; --            ; --          ; --             ;
; IP_TOOL_NAME                        ; LPM_ADD_SUB                   ; --            ; --          ; --             ;
; IP_TOOL_NAME                        ; LPM_MUX                       ; --            ; --          ; --             ;
; IP_TOOL_NAME                        ; LPM_CONSTANT                  ; --            ; --          ; --             ;
; IP_TOOL_NAME                        ; LPM_CONSTANT                  ; --            ; --          ; --             ;
; IP_TOOL_NAME                        ; LPM_CONSTANT                  ; --            ; --          ; --             ;
; IP_TOOL_NAME                        ; LPM_CONSTANT                  ; --            ; --          ; --             ;
; IP_TOOL_NAME                        ; LPM_CONSTANT                  ; --            ; --          ; --             ;
; IP_TOOL_NAME                        ; LPM_CONSTANT                  ; --            ; --          ; --             ;
; IP_TOOL_NAME                        ; ROM: 1-PORT                   ; --            ; --          ; --             ;
; IP_TOOL_NAME                        ; LPM_COUNTER                   ; --            ; --          ; --             ;
; IP_TOOL_NAME                        ; LPM_MUX                       ; --            ; --          ; --             ;
; IP_TOOL_NAME                        ; LPM_MUX                       ; --            ; --          ; --             ;
; IP_TOOL_NAME                        ; LPM_CONSTANT                  ; --            ; --          ; --             ;
; IP_TOOL_NAME                        ; LPM_MUX                       ; --            ; --          ; --             ;
; IP_TOOL_NAME                        ; LPM_MUX                       ; --            ; --          ; --             ;
; IP_TOOL_NAME                        ; LPM_MUX                       ; --            ; --          ; --             ;
; IP_TOOL_NAME                        ; LPM_CONSTANT                  ; --            ; --          ; --             ;
; IP_TOOL_NAME                        ; LPM_ADD_SUB                   ; --            ; --          ; --             ;
; IP_TOOL_NAME                        ; LPM_CONSTANT                  ; --            ; --          ; --             ;
; IP_TOOL_NAME                        ; LPM_MUX                       ; --            ; --          ; --             ;
; IP_TOOL_NAME                        ; LPM_MUX                       ; --            ; --          ; --             ;
; IP_TOOL_NAME                        ; LPM_CONSTANT                  ; --            ; --          ; --             ;
; IP_TOOL_NAME                        ; ROM: 1-PORT                   ; --            ; --          ; --             ;
; IP_TOOL_NAME                        ; LPM_COUNTER                   ; --            ; --          ; --             ;
; IP_TOOL_NAME                        ; ALTPLL                        ; --            ; --          ; --             ;
; IP_TOOL_NAME                        ; LPM_COUNTER                   ; --            ; --          ; --             ;
; IP_TOOL_VERSION                     ; 11.1                          ; --            ; --          ; --             ;
; IP_TOOL_VERSION                     ; 11.1                          ; --            ; --          ; --             ;
; IP_TOOL_VERSION                     ; 11.1                          ; --            ; --          ; --             ;
; IP_TOOL_VERSION                     ; 11.1                          ; --            ; --          ; --             ;
; IP_TOOL_VERSION                     ; 11.1                          ; --            ; --          ; --             ;
; IP_TOOL_VERSION                     ; 11.1                          ; --            ; --          ; --             ;
; IP_TOOL_VERSION                     ; 11.1                          ; --            ; --          ; --             ;
; IP_TOOL_VERSION                     ; 11.1                          ; --            ; --          ; --             ;
; IP_TOOL_VERSION                     ; 11.1                          ; --            ; --          ; --             ;
; IP_TOOL_VERSION                     ; 11.1                          ; --            ; --          ; --             ;
; IP_TOOL_VERSION                     ; 11.1                          ; --            ; --          ; --             ;
; IP_TOOL_VERSION                     ; 11.1                          ; --            ; --          ; --             ;
; IP_TOOL_VERSION                     ; 11.1                          ; --            ; --          ; --             ;
; IP_TOOL_VERSION                     ; 11.1                          ; --            ; --          ; --             ;
; IP_TOOL_VERSION                     ; 11.1                          ; --            ; --          ; --             ;
; IP_TOOL_VERSION                     ; 11.1                          ; --            ; --          ; --             ;
; IP_TOOL_VERSION                     ; 11.1                          ; --            ; --          ; --             ;
; IP_TOOL_VERSION                     ; 11.1                          ; --            ; --          ; --             ;
; IP_TOOL_VERSION                     ; 11.1                          ; --            ; --          ; --             ;
; IP_TOOL_VERSION                     ; 11.1                          ; --            ; --          ; --             ;
; IP_TOOL_VERSION                     ; 11.1                          ; --            ; --          ; --             ;
; IP_TOOL_VERSION                     ; 11.1                          ; --            ; --          ; --             ;
; IP_TOOL_VERSION                     ; 11.1                          ; --            ; --          ; --             ;
; IP_TOOL_VERSION                     ; 11.1                          ; --            ; --          ; --             ;
; IP_TOOL_VERSION                     ; 11.1                          ; --            ; --          ; --             ;
; IP_TOOL_VERSION                     ; 11.1                          ; --            ; --          ; --             ;
; IP_TOOL_VERSION                     ; 11.1                          ; --            ; --          ; --             ;
; IP_TOOL_VERSION                     ; 11.1                          ; --            ; --          ; --             ;
; IP_TOOL_VERSION                     ; 11.1                          ; --            ; --          ; --             ;
; IP_TOOL_VERSION                     ; 11.1                          ; --            ; --          ; --             ;
; IP_TOOL_VERSION                     ; 11.1                          ; --            ; --          ; --             ;
; IP_TOOL_VERSION                     ; 11.1                          ; --            ; --          ; --             ;
; IP_TOOL_VERSION                     ; 11.1                          ; --            ; --          ; --             ;
; IP_TOOL_VERSION                     ; 11.1                          ; --            ; --          ; --             ;
; IP_TOOL_VERSION                     ; 11.1                          ; --            ; --          ; --             ;
; IP_TOOL_VERSION                     ; 11.1                          ; --            ; --          ; --             ;
; IP_TOOL_VERSION                     ; 11.1                          ; --            ; --          ; --             ;
; IP_TOOL_VERSION                     ; 11.1                          ; --            ; --          ; --             ;
; IP_TOOL_VERSION                     ; 11.1                          ; --            ; --          ; --             ;
; IP_TOOL_VERSION                     ; 11.1                          ; --            ; --          ; --             ;
; IP_TOOL_VERSION                     ; 11.1                          ; --            ; --          ; --             ;
; IP_TOOL_VERSION                     ; 11.1                          ; --            ; --          ; --             ;
; IP_TOOL_VERSION                     ; 11.1                          ; --            ; --          ; --             ;
; IP_TOOL_VERSION                     ; 11.1                          ; --            ; --          ; --             ;
; IP_TOOL_VERSION                     ; 11.1                          ; --            ; --          ; --             ;
; IP_TOOL_VERSION                     ; 11.1                          ; --            ; --          ; --             ;
; MAX_CORE_JUNCTION_TEMP              ; 85                            ; --            ; --          ; --             ;
; MIN_CORE_JUNCTION_TEMP              ; 0                             ; --            ; --          ; --             ;
; MISC_FILE                           ; lpm_add_sub1.bsf              ; --            ; --          ; --             ;
; MISC_FILE                           ; lpm_add_sub1.cmp              ; --            ; --          ; --             ;
; MISC_FILE                           ; lpm_mux0.bsf                  ; --            ; --          ; --             ;
; MISC_FILE                           ; lpm_mux0.cmp                  ; --            ; --          ; --             ;
; MISC_FILE                           ; lpm_clshift0.bsf              ; --            ; --          ; --             ;
; MISC_FILE                           ; lpm_clshift0.cmp              ; --            ; --          ; --             ;
; MISC_FILE                           ; lpm_clshift1.bsf              ; --            ; --          ; --             ;
; MISC_FILE                           ; lpm_clshift1.cmp              ; --            ; --          ; --             ;
; MISC_FILE                           ; lpm_clshift2.bsf              ; --            ; --          ; --             ;
; MISC_FILE                           ; lpm_clshift2.cmp              ; --            ; --          ; --             ;
; MISC_FILE                           ; lpm_mux1.bsf                  ; --            ; --          ; --             ;
; MISC_FILE                           ; lpm_mux1.cmp                  ; --            ; --          ; --             ;
; MISC_FILE                           ; lpm_mux2.bsf                  ; --            ; --          ; --             ;
; MISC_FILE                           ; lpm_mux2.cmp                  ; --            ; --          ; --             ;
; MISC_FILE                           ; lpm_mux3.bsf                  ; --            ; --          ; --             ;
; MISC_FILE                           ; lpm_mux3.cmp                  ; --            ; --          ; --             ;
; MISC_FILE                           ; coreram.cmp                   ; --            ; --          ; --             ;
; MISC_FILE                           ; lpm_mux4.bsf                  ; --            ; --          ; --             ;
; MISC_FILE                           ; lpm_mux4.cmp                  ; --            ; --          ; --             ;
; MISC_FILE                           ; lpm_add_sub2.bsf              ; --            ; --          ; --             ;
; MISC_FILE                           ; lpm_add_sub2.cmp              ; --            ; --          ; --             ;
; MISC_FILE                           ; PCregmem.cmp                  ; --            ; --          ; --             ;
; MISC_FILE                           ; lpm_add_sub3.bsf              ; --            ; --          ; --             ;
; MISC_FILE                           ; lpm_add_sub3.cmp              ; --            ; --          ; --             ;
; MISC_FILE                           ; GPregmem.cmp                  ; --            ; --          ; --             ;
; MISC_FILE                           ; lpm_add_sub4.bsf              ; --            ; --          ; --             ;
; MISC_FILE                           ; lpm_add_sub4.cmp              ; --            ; --          ; --             ;
; MISC_FILE                           ; lpm_decode1.bsf               ; --            ; --          ; --             ;
; MISC_FILE                           ; lpm_decode1.cmp               ; --            ; --          ; --             ;
; MISC_FILE                           ; lpm_mux5.bsf                  ; --            ; --          ; --             ;
; MISC_FILE                           ; lpm_mux5.cmp                  ; --            ; --          ; --             ;
; MISC_FILE                           ; lpm_add_sub5.bsf              ; --            ; --          ; --             ;
; MISC_FILE                           ; lpm_add_sub5.cmp              ; --            ; --          ; --             ;
; MISC_FILE                           ; lpm_mux6.bsf                  ; --            ; --          ; --             ;
; MISC_FILE                           ; lpm_mux6.cmp                  ; --            ; --          ; --             ;
; MISC_FILE                           ; lpm_mux7.bsf                  ; --            ; --          ; --             ;
; MISC_FILE                           ; lpm_mux7.cmp                  ; --            ; --          ; --             ;
; MISC_FILE                           ; lpm_add_sub6.bsf              ; --            ; --          ; --             ;
; MISC_FILE                           ; lpm_add_sub6.cmp              ; --            ; --          ; --             ;
; MISC_FILE                           ; lpm_mux8.bsf                  ; --            ; --          ; --             ;
; MISC_FILE                           ; lpm_mux8.cmp                  ; --            ; --          ; --             ;
; MISC_FILE                           ; lpm_constant0.bsf             ; --            ; --          ; --             ;
; MISC_FILE                           ; lpm_constant0.cmp             ; --            ; --          ; --             ;
; MISC_FILE                           ; lpm_constant1.bsf             ; --            ; --          ; --             ;
; MISC_FILE                           ; lpm_constant1.cmp             ; --            ; --          ; --             ;
; MISC_FILE                           ; lpm_constant2.bsf             ; --            ; --          ; --             ;
; MISC_FILE                           ; lpm_constant2.cmp             ; --            ; --          ; --             ;
; MISC_FILE                           ; lpm_constant3.bsf             ; --            ; --          ; --             ;
; MISC_FILE                           ; lpm_constant3.cmp             ; --            ; --          ; --             ;
; MISC_FILE                           ; lpm_constant4.bsf             ; --            ; --          ; --             ;
; MISC_FILE                           ; lpm_constant4.cmp             ; --            ; --          ; --             ;
; MISC_FILE                           ; lpm_constant5.bsf             ; --            ; --          ; --             ;
; MISC_FILE                           ; lpm_constant5.cmp             ; --            ; --          ; --             ;
; MISC_FILE                           ; trom.cmp                      ; --            ; --          ; --             ;
; MISC_FILE                           ; lpm_counter0.bsf              ; --            ; --          ; --             ;
; MISC_FILE                           ; lpm_counter0.cmp              ; --            ; --          ; --             ;
; MISC_FILE                           ; lpm_mux9.bsf                  ; --            ; --          ; --             ;
; MISC_FILE                           ; lpm_mux9.cmp                  ; --            ; --          ; --             ;
; MISC_FILE                           ; lpm_mux10.bsf                 ; --            ; --          ; --             ;
; MISC_FILE                           ; lpm_mux10.cmp                 ; --            ; --          ; --             ;
; MISC_FILE                           ; lpm_constant6.bsf             ; --            ; --          ; --             ;
; MISC_FILE                           ; lpm_constant6.cmp             ; --            ; --          ; --             ;
; MISC_FILE                           ; lpm_mux11.bsf                 ; --            ; --          ; --             ;
; MISC_FILE                           ; lpm_mux11.cmp                 ; --            ; --          ; --             ;
; MISC_FILE                           ; lpm_mux12.bsf                 ; --            ; --          ; --             ;
; MISC_FILE                           ; lpm_mux12.cmp                 ; --            ; --          ; --             ;
; MISC_FILE                           ; lpm_mux13.bsf                 ; --            ; --          ; --             ;
; MISC_FILE                           ; lpm_mux13.cmp                 ; --            ; --          ; --             ;
; MISC_FILE                           ; lpm_constant7.bsf             ; --            ; --          ; --             ;
; MISC_FILE                           ; lpm_constant7.cmp             ; --            ; --          ; --             ;
; MISC_FILE                           ; lpm_add_sub7.bsf              ; --            ; --          ; --             ;
; MISC_FILE                           ; lpm_add_sub7.cmp              ; --            ; --          ; --             ;
; MISC_FILE                           ; lpm_constant8.bsf             ; --            ; --          ; --             ;
; MISC_FILE                           ; lpm_constant8.cmp             ; --            ; --          ; --             ;
; MISC_FILE                           ; lpm_mux14.bsf                 ; --            ; --          ; --             ;
; MISC_FILE                           ; lpm_mux14.cmp                 ; --            ; --          ; --             ;
; MISC_FILE                           ; lpm_mux15.bsf                 ; --            ; --          ; --             ;
; MISC_FILE                           ; lpm_mux15.cmp                 ; --            ; --          ; --             ;
; MISC_FILE                           ; lpm_constant9.bsf             ; --            ; --          ; --             ;
; MISC_FILE                           ; lpm_constant9.cmp             ; --            ; --          ; --             ;
; MISC_FILE                           ; idrom.cmp                     ; --            ; --          ; --             ;
; MISC_FILE                           ; lpm_counter1.bsf              ; --            ; --          ; --             ;
; MISC_FILE                           ; lpm_counter1.cmp              ; --            ; --          ; --             ;
; MISC_FILE                           ; altpll0.bsf                   ; --            ; --          ; --             ;
; MISC_FILE                           ; altpll0.cmp                   ; --            ; --          ; --             ;
; MISC_FILE                           ; altpll0.ppf                   ; --            ; --          ; --             ;
; MISC_FILE                           ; lpm_counter2.bsf              ; --            ; --          ; --             ;
; MISC_FILE                           ; lpm_counter2.cmp              ; --            ; --          ; --             ;
; NOMINAL_CORE_SUPPLY_VOLTAGE         ; 1.2V                          ; --            ; --          ; --             ;
; PARTITION_COLOR                     ; 16764057                      ; --            ; ALU         ; Top            ;
; PARTITION_FITTER_PRESERVATION_LEVEL ; PLACEMENT_AND_ROUTING         ; --            ; ALU         ; Top            ;
; PARTITION_NETLIST_TYPE              ; SOURCE                        ; --            ; ALU         ; Top            ;
; TOP_LEVEL_ENTITY                    ; ALU                           ; zGPU          ; --          ; --             ;
+-------------------------------------+-------------------------------+---------------+-------------+----------------+


+-------------------------------------------------------------------------------------------------------------------------------+
; Flow Elapsed Time                                                                                                             ;
+---------------------------+--------------+-------------------------+---------------------+------------------------------------+
; Module Name               ; Elapsed Time ; Average Processors Used ; Peak Virtual Memory ; Total CPU Time (on all processors) ;
+---------------------------+--------------+-------------------------+---------------------+------------------------------------+
; Analysis & Synthesis      ; 00:00:06     ; 1.0                     ; 443 MB              ; 00:00:06                           ;
; Fitter                    ; 00:00:10     ; 2.8                     ; 744 MB              ; 00:00:14                           ;
; TimeQuest Timing Analyzer ; 00:00:03     ; 1.0                     ; 468 MB              ; 00:00:03                           ;
; Assembler                 ; 00:00:05     ; 1.0                     ; 616 MB              ; 00:00:05                           ;
; EDA Netlist Writer        ; 00:00:01     ; 1.0                     ; 335 MB              ; 00:00:01                           ;
; Total                     ; 00:00:25     ; --                      ; --                  ; 00:00:29                           ;
+---------------------------+--------------+-------------------------+---------------------+------------------------------------+


+----------------------------------------------------------------------------------------+
; Flow OS Summary                                                                        ;
+---------------------------+------------------+-----------+------------+----------------+
; Module Name               ; Machine Hostname ; OS Name   ; OS Version ; Processor type ;
+---------------------------+------------------+-----------+------------+----------------+
; Analysis & Synthesis      ; Synchronizer     ; Windows 7 ; 6.2        ; x86_64         ;
; Fitter                    ; Synchronizer     ; Windows 7 ; 6.2        ; x86_64         ;
; TimeQuest Timing Analyzer ; Synchronizer     ; Windows 7 ; 6.2        ; x86_64         ;
; Assembler                 ; Synchronizer     ; Windows 7 ; 6.2        ; x86_64         ;
; EDA Netlist Writer        ; Synchronizer     ; Windows 7 ; 6.2        ; x86_64         ;
+---------------------------+------------------+-----------+------------+----------------+


------------
; Flow Log ;
------------
quartus_map --read_settings_files=on --write_settings_files=off zGPU -c zGPU
quartus_fit --read_settings_files=off --write_settings_files=off zGPU -c zGPU
quartus_sta zGPU -c zGPU
quartus_asm --read_settings_files=off --write_settings_files=off zGPU -c zGPU
quartus_eda --read_settings_files=off --write_settings_files=off zGPU -c zGPU



